2018-04-14 09:36:34,010 DEBUG [main] o.a.i.l.LogFactory [LogFactory.java:135] Logging initialized using 'class org.apache.ibatis.logging.slf4j.Slf4jImpl' adapter.
2018-04-14 09:37:35,689 DEBUG [main] o.a.i.l.LogFactory [LogFactory.java:135] Logging initialized using 'class org.apache.ibatis.logging.slf4j.Slf4jImpl' adapter.
2018-04-14 09:37:36,426 DEBUG [main] o.a.i.d.p.PooledDataSource [PooledDataSource.java:316] PooledDataSource forcefully closed/removed all connections.
2018-04-14 09:37:36,426 DEBUG [main] o.a.i.d.p.PooledDataSource [PooledDataSource.java:316] PooledDataSource forcefully closed/removed all connections.
2018-04-14 09:37:36,427 DEBUG [main] o.a.i.d.p.PooledDataSource [PooledDataSource.java:316] PooledDataSource forcefully closed/removed all connections.
2018-04-14 09:37:36,428 DEBUG [main] o.a.i.d.p.PooledDataSource [PooledDataSource.java:316] PooledDataSource forcefully closed/removed all connections.
2018-04-14 09:38:20,648 DEBUG [main] o.a.i.l.LogFactory [LogFactory.java:135] Logging initialized using 'class org.apache.ibatis.logging.slf4j.Slf4jImpl' adapter.
2018-04-14 09:38:21,323 DEBUG [main] o.a.i.d.p.PooledDataSource [PooledDataSource.java:316] PooledDataSource forcefully closed/removed all connections.
2018-04-14 09:38:21,323 DEBUG [main] o.a.i.d.p.PooledDataSource [PooledDataSource.java:316] PooledDataSource forcefully closed/removed all connections.
2018-04-14 09:38:21,324 DEBUG [main] o.a.i.d.p.PooledDataSource [PooledDataSource.java:316] PooledDataSource forcefully closed/removed all connections.
2018-04-14 09:38:21,324 DEBUG [main] o.a.i.d.p.PooledDataSource [PooledDataSource.java:316] PooledDataSource forcefully closed/removed all connections.
2018-04-14 09:44:56,067 DEBUG [main] o.a.i.l.LogFactory [LogFactory.java:135] Logging initialized using 'class org.apache.ibatis.logging.slf4j.Slf4jImpl' adapter.
2018-04-14 09:44:56,748 DEBUG [main] o.a.i.d.p.PooledDataSource [PooledDataSource.java:316] PooledDataSource forcefully closed/removed all connections.
2018-04-14 09:44:56,748 DEBUG [main] o.a.i.d.p.PooledDataSource [PooledDataSource.java:316] PooledDataSource forcefully closed/removed all connections.
2018-04-14 09:44:56,749 DEBUG [main] o.a.i.d.p.PooledDataSource [PooledDataSource.java:316] PooledDataSource forcefully closed/removed all connections.
2018-04-14 09:44:56,749 DEBUG [main] o.a.i.d.p.PooledDataSource [PooledDataSource.java:316] PooledDataSource forcefully closed/removed all connections.
2018-04-14 09:47:28,850 DEBUG [main] o.a.i.l.LogFactory [LogFactory.java:135] Logging initialized using 'class org.apache.ibatis.logging.slf4j.Slf4jImpl' adapter.
2018-04-14 09:47:29,531 DEBUG [main] o.a.i.d.p.PooledDataSource [PooledDataSource.java:316] PooledDataSource forcefully closed/removed all connections.
2018-04-14 09:47:29,532 DEBUG [main] o.a.i.d.p.PooledDataSource [PooledDataSource.java:316] PooledDataSource forcefully closed/removed all connections.
2018-04-14 09:47:29,532 DEBUG [main] o.a.i.d.p.PooledDataSource [PooledDataSource.java:316] PooledDataSource forcefully closed/removed all connections.
2018-04-14 09:47:29,533 DEBUG [main] o.a.i.d.p.PooledDataSource [PooledDataSource.java:316] PooledDataSource forcefully closed/removed all connections.
2018-04-14 09:47:32,897 DEBUG [main] o.a.i.t.j.JdbcTransaction [JdbcTransaction.java:136] Opening JDBC Connection
2018-04-14 09:52:00,968 DEBUG [main] o.a.i.l.LogFactory [LogFactory.java:135] Logging initialized using 'class org.apache.ibatis.logging.slf4j.Slf4jImpl' adapter.
2018-04-14 09:52:01,734 DEBUG [main] o.a.i.d.p.PooledDataSource [PooledDataSource.java:316] PooledDataSource forcefully closed/removed all connections.
2018-04-14 09:52:01,735 DEBUG [main] o.a.i.d.p.PooledDataSource [PooledDataSource.java:316] PooledDataSource forcefully closed/removed all connections.
2018-04-14 09:52:01,736 DEBUG [main] o.a.i.d.p.PooledDataSource [PooledDataSource.java:316] PooledDataSource forcefully closed/removed all connections.
2018-04-14 09:52:01,736 DEBUG [main] o.a.i.d.p.PooledDataSource [PooledDataSource.java:316] PooledDataSource forcefully closed/removed all connections.
2018-04-14 09:52:03,573 DEBUG [main] o.a.i.t.j.JdbcTransaction [JdbcTransaction.java:136] Opening JDBC Connection
2018-04-14 09:52:05,146 DEBUG [main] o.a.i.d.p.PooledDataSource [PooledDataSource.java:387] Created connection 2024240125.
2018-04-14 09:52:05,147 DEBUG [main] o.a.i.t.j.JdbcTransaction [JdbcTransaction.java:100] Setting autocommit to false on JDBC Connection [com.mysql.jdbc.JDBC4Connection@78a773fd]
2018-04-14 09:52:05,162 DEBUG [main] c.x.m.m.T.selectById [BaseJdbcLogger.java:145] ==>  Preparing: SELECT * FROM test WHERE id = ? 
2018-04-14 09:52:05,407 DEBUG [main] c.x.m.m.T.selectById [BaseJdbcLogger.java:145] ==> Parameters: 3(Integer)
2018-04-14 09:52:05,580 DEBUG [main] c.x.m.m.T.selectById [BaseJdbcLogger.java:145] <==      Total: 1
2018-04-14 09:53:10,139 DEBUG [main] o.a.i.t.j.JdbcTransaction [JdbcTransaction.java:122] Resetting autocommit to true on JDBC Connection [com.mysql.jdbc.JDBC4Connection@78a773fd]
2018-04-14 09:53:10,141 DEBUG [main] o.a.i.t.j.JdbcTransaction [JdbcTransaction.java:90] Closing JDBC Connection [com.mysql.jdbc.JDBC4Connection@78a773fd]
2018-04-14 09:53:10,141 DEBUG [main] o.a.i.d.p.PooledDataSource [PooledDataSource.java:344] Returned connection 2024240125 to pool.
2018-04-14 09:53:52,966 DEBUG [main] o.a.i.l.LogFactory [LogFactory.java:135] Logging initialized using 'class org.apache.ibatis.logging.slf4j.Slf4jImpl' adapter.
2018-04-14 09:55:31,603 DEBUG [main] o.a.i.d.p.PooledDataSource [PooledDataSource.java:316] PooledDataSource forcefully closed/removed all connections.
2018-04-14 09:55:31,604 DEBUG [main] o.a.i.d.p.PooledDataSource [PooledDataSource.java:316] PooledDataSource forcefully closed/removed all connections.
2018-04-14 09:55:31,604 DEBUG [main] o.a.i.d.p.PooledDataSource [PooledDataSource.java:316] PooledDataSource forcefully closed/removed all connections.
2018-04-14 09:55:31,605 DEBUG [main] o.a.i.d.p.PooledDataSource [PooledDataSource.java:316] PooledDataSource forcefully closed/removed all connections.
2018-04-14 10:12:32,476 DEBUG [main] o.a.i.t.j.JdbcTransaction [JdbcTransaction.java:136] Opening JDBC Connection
2018-04-14 10:12:33,525 DEBUG [main] o.a.i.d.p.PooledDataSource [PooledDataSource.java:387] Created connection 2024240125.
2018-04-14 10:12:33,539 DEBUG [main] o.a.i.t.j.JdbcTransaction [JdbcTransaction.java:100] Setting autocommit to false on JDBC Connection [com.mysql.jdbc.JDBC4Connection@78a773fd]
2018-04-14 10:12:33,553 DEBUG [main] c.x.m.m.T.selectById [BaseJdbcLogger.java:145] ==>  Preparing: SELECT * FROM test WHERE id = ? 
2018-04-14 10:12:48,558 DEBUG [main] c.x.m.m.T.selectById [BaseJdbcLogger.java:145] ==> Parameters: 3(Integer)
2018-04-14 10:12:52,114 DEBUG [main] c.x.m.m.T.selectById [BaseJdbcLogger.java:145] <==      Total: 1
2018-04-14 10:13:48,778 DEBUG [main] o.a.i.t.j.JdbcTransaction [JdbcTransaction.java:122] Resetting autocommit to true on JDBC Connection [com.mysql.jdbc.JDBC4Connection@78a773fd]
2018-04-14 10:13:48,780 DEBUG [main] o.a.i.t.j.JdbcTransaction [JdbcTransaction.java:90] Closing JDBC Connection [com.mysql.jdbc.JDBC4Connection@78a773fd]
2018-04-14 10:13:48,781 DEBUG [main] o.a.i.d.p.PooledDataSource [PooledDataSource.java:344] Returned connection 2024240125 to pool.
2018-04-14 11:13:50,698 DEBUG [main] o.a.i.l.LogFactory [LogFactory.java:135] Logging initialized using 'class org.apache.ibatis.logging.slf4j.Slf4jImpl' adapter.
2018-04-14 11:58:09,256 DEBUG [main] o.a.i.d.p.PooledDataSource [PooledDataSource.java:316] PooledDataSource forcefully closed/removed all connections.
2018-04-14 11:58:09,257 DEBUG [main] o.a.i.d.p.PooledDataSource [PooledDataSource.java:316] PooledDataSource forcefully closed/removed all connections.
2018-04-14 11:58:09,259 DEBUG [main] o.a.i.d.p.PooledDataSource [PooledDataSource.java:316] PooledDataSource forcefully closed/removed all connections.
2018-04-14 11:58:09,260 DEBUG [main] o.a.i.d.p.PooledDataSource [PooledDataSource.java:316] PooledDataSource forcefully closed/removed all connections.
2018-04-14 13:40:34,075 DEBUG [main] o.a.i.l.LogFactory [LogFactory.java:135] Logging initialized using 'class org.apache.ibatis.logging.slf4j.Slf4jImpl' adapter.
2018-04-14 13:40:46,386 DEBUG [main] o.a.i.d.p.PooledDataSource [PooledDataSource.java:316] PooledDataSource forcefully closed/removed all connections.
2018-04-14 13:40:46,387 DEBUG [main] o.a.i.d.p.PooledDataSource [PooledDataSource.java:316] PooledDataSource forcefully closed/removed all connections.
2018-04-14 13:40:46,388 DEBUG [main] o.a.i.d.p.PooledDataSource [PooledDataSource.java:316] PooledDataSource forcefully closed/removed all connections.
2018-04-14 13:40:46,388 DEBUG [main] o.a.i.d.p.PooledDataSource [PooledDataSource.java:316] PooledDataSource forcefully closed/removed all connections.
2018-04-14 13:48:48,808 DEBUG [main] o.a.i.t.j.JdbcTransaction [JdbcTransaction.java:136] Opening JDBC Connection
2018-04-14 13:48:49,795 DEBUG [main] o.a.i.d.p.PooledDataSource [PooledDataSource.java:387] Created connection 294111720.
2018-04-14 13:48:49,796 DEBUG [main] o.a.i.t.j.JdbcTransaction [JdbcTransaction.java:100] Setting autocommit to false on JDBC Connection [com.mysql.jdbc.JDBC4Connection@1187c9e8]
2018-04-14 13:48:49,810 DEBUG [main] c.x.m.m.T.selectById [BaseJdbcLogger.java:145] ==>  Preparing: SELECT * FROM test WHERE id = ? 
2018-04-14 13:48:50,044 DEBUG [main] c.x.m.m.T.selectById [BaseJdbcLogger.java:145] ==> Parameters: 3(Integer)
2018-04-14 13:48:50,200 DEBUG [main] c.x.m.m.T.selectById [BaseJdbcLogger.java:145] <==      Total: 1
2018-04-14 13:48:52,488 DEBUG [main] o.a.i.t.j.JdbcTransaction [JdbcTransaction.java:122] Resetting autocommit to true on JDBC Connection [com.mysql.jdbc.JDBC4Connection@1187c9e8]
2018-04-14 13:48:52,490 DEBUG [main] o.a.i.t.j.JdbcTransaction [JdbcTransaction.java:90] Closing JDBC Connection [com.mysql.jdbc.JDBC4Connection@1187c9e8]
2018-04-14 13:48:52,490 DEBUG [main] o.a.i.d.p.PooledDataSource [PooledDataSource.java:344] Returned connection 294111720 to pool.
2018-04-14 14:19:05,961 DEBUG [main] o.a.i.l.LogFactory [LogFactory.java:135] Logging initialized using 'class org.apache.ibatis.logging.slf4j.Slf4jImpl' adapter.
2018-04-14 14:19:17,366 DEBUG [main] o.a.i.d.p.PooledDataSource [PooledDataSource.java:316] PooledDataSource forcefully closed/removed all connections.
2018-04-14 14:19:17,366 DEBUG [main] o.a.i.d.p.PooledDataSource [PooledDataSource.java:316] PooledDataSource forcefully closed/removed all connections.
2018-04-14 14:19:17,366 DEBUG [main] o.a.i.d.p.PooledDataSource [PooledDataSource.java:316] PooledDataSource forcefully closed/removed all connections.
2018-04-14 14:19:17,366 DEBUG [main] o.a.i.d.p.PooledDataSource [PooledDataSource.java:316] PooledDataSource forcefully closed/removed all connections.
2018-04-14 14:42:34,155 DEBUG [main] o.a.i.l.LogFactory [LogFactory.java:135] Logging initialized using 'class org.apache.ibatis.logging.slf4j.Slf4jImpl' adapter.
2018-04-14 14:42:34,275 DEBUG [main] o.a.i.d.p.PooledDataSource [PooledDataSource.java:316] PooledDataSource forcefully closed/removed all connections.
2018-04-14 14:42:34,275 DEBUG [main] o.a.i.d.p.PooledDataSource [PooledDataSource.java:316] PooledDataSource forcefully closed/removed all connections.
2018-04-14 14:42:34,275 DEBUG [main] o.a.i.d.p.PooledDataSource [PooledDataSource.java:316] PooledDataSource forcefully closed/removed all connections.
2018-04-14 14:42:34,275 DEBUG [main] o.a.i.d.p.PooledDataSource [PooledDataSource.java:316] PooledDataSource forcefully closed/removed all connections.
2018-04-14 14:42:53,064 DEBUG [main] o.a.i.l.LogFactory [LogFactory.java:135] Logging initialized using 'class org.apache.ibatis.logging.slf4j.Slf4jImpl' adapter.
2018-04-14 14:42:53,498 DEBUG [main] o.a.i.d.p.PooledDataSource [PooledDataSource.java:316] PooledDataSource forcefully closed/removed all connections.
2018-04-14 14:42:53,498 DEBUG [main] o.a.i.d.p.PooledDataSource [PooledDataSource.java:316] PooledDataSource forcefully closed/removed all connections.
2018-04-14 14:42:53,498 DEBUG [main] o.a.i.d.p.PooledDataSource [PooledDataSource.java:316] PooledDataSource forcefully closed/removed all connections.
2018-04-14 14:42:53,499 DEBUG [main] o.a.i.d.p.PooledDataSource [PooledDataSource.java:316] PooledDataSource forcefully closed/removed all connections.
2018-04-14 14:42:57,897 DEBUG [main] o.a.i.l.LogFactory [LogFactory.java:135] Logging initialized using 'class org.apache.ibatis.logging.slf4j.Slf4jImpl' adapter.
2018-04-14 14:42:57,995 DEBUG [main] o.a.i.d.p.PooledDataSource [PooledDataSource.java:316] PooledDataSource forcefully closed/removed all connections.
2018-04-14 14:42:57,996 DEBUG [main] o.a.i.d.p.PooledDataSource [PooledDataSource.java:316] PooledDataSource forcefully closed/removed all connections.
2018-04-14 14:42:57,996 DEBUG [main] o.a.i.d.p.PooledDataSource [PooledDataSource.java:316] PooledDataSource forcefully closed/removed all connections.
2018-04-14 14:42:57,996 DEBUG [main] o.a.i.d.p.PooledDataSource [PooledDataSource.java:316] PooledDataSource forcefully closed/removed all connections.
2018-04-14 15:03:50,374 DEBUG [main] o.a.i.l.LogFactory [LogFactory.java:135] Logging initialized using 'class org.apache.ibatis.logging.slf4j.Slf4jImpl' adapter.
2018-04-14 15:03:50,465 DEBUG [main] o.a.i.d.p.PooledDataSource [PooledDataSource.java:316] PooledDataSource forcefully closed/removed all connections.
2018-04-14 15:03:50,465 DEBUG [main] o.a.i.d.p.PooledDataSource [PooledDataSource.java:316] PooledDataSource forcefully closed/removed all connections.
2018-04-14 15:03:50,465 DEBUG [main] o.a.i.d.p.PooledDataSource [PooledDataSource.java:316] PooledDataSource forcefully closed/removed all connections.
2018-04-14 15:03:50,465 DEBUG [main] o.a.i.d.p.PooledDataSource [PooledDataSource.java:316] PooledDataSource forcefully closed/removed all connections.
2018-04-14 15:03:50,550 DEBUG [main] o.a.i.t.j.JdbcTransaction [JdbcTransaction.java:136] Opening JDBC Connection
2018-04-14 15:03:50,804 DEBUG [main] o.a.i.d.p.PooledDataSource [PooledDataSource.java:387] Created connection 398572781.
2018-04-14 15:03:50,805 DEBUG [main] o.a.i.t.j.JdbcTransaction [JdbcTransaction.java:100] Setting autocommit to false on JDBC Connection [com.mysql.jdbc.JDBC4Connection@17c1bced]
2018-04-14 15:03:50,808 DEBUG [main] c.x.m.m.T.selectById [BaseJdbcLogger.java:145] ==>  Preparing: SELECT * FROM test WHERE id = ? 
2018-04-14 15:03:50,831 DEBUG [main] c.x.m.m.T.selectById [BaseJdbcLogger.java:145] ==> Parameters: 3(Integer)
2018-04-14 15:03:50,877 DEBUG [main] c.x.m.m.T.selectById [BaseJdbcLogger.java:145] <==      Total: 1
2018-04-14 15:03:50,877 DEBUG [main] o.a.i.t.j.JdbcTransaction [JdbcTransaction.java:122] Resetting autocommit to true on JDBC Connection [com.mysql.jdbc.JDBC4Connection@17c1bced]
2018-04-14 15:03:50,878 DEBUG [main] o.a.i.t.j.JdbcTransaction [JdbcTransaction.java:90] Closing JDBC Connection [com.mysql.jdbc.JDBC4Connection@17c1bced]
2018-04-14 15:03:50,879 DEBUG [main] o.a.i.d.p.PooledDataSource [PooledDataSource.java:344] Returned connection 398572781 to pool.
2018-04-14 15:04:29,172 DEBUG [main] o.a.i.l.LogFactory [LogFactory.java:135] Logging initialized using 'class org.apache.ibatis.logging.slf4j.Slf4jImpl' adapter.
2018-04-14 15:04:29,267 DEBUG [main] o.a.i.d.p.PooledDataSource [PooledDataSource.java:316] PooledDataSource forcefully closed/removed all connections.
2018-04-14 15:04:29,267 DEBUG [main] o.a.i.d.p.PooledDataSource [PooledDataSource.java:316] PooledDataSource forcefully closed/removed all connections.
2018-04-14 15:04:29,268 DEBUG [main] o.a.i.d.p.PooledDataSource [PooledDataSource.java:316] PooledDataSource forcefully closed/removed all connections.
2018-04-14 15:04:29,268 DEBUG [main] o.a.i.d.p.PooledDataSource [PooledDataSource.java:316] PooledDataSource forcefully closed/removed all connections.
2018-04-14 15:07:35,245 DEBUG [main] o.a.i.t.j.JdbcTransaction [JdbcTransaction.java:136] Opening JDBC Connection
2018-04-14 15:07:36,235 DEBUG [main] o.a.i.d.p.PooledDataSource [PooledDataSource.java:387] Created connection 310016558.
2018-04-14 15:07:36,236 DEBUG [main] o.a.i.t.j.JdbcTransaction [JdbcTransaction.java:100] Setting autocommit to false on JDBC Connection [com.mysql.jdbc.JDBC4Connection@127a7a2e]
2018-04-14 15:07:36,250 DEBUG [main] c.x.m.m.T.selectById [BaseJdbcLogger.java:145] ==>  Preparing: SELECT * FROM test WHERE id = ? 
2018-04-14 15:07:36,486 DEBUG [main] c.x.m.m.T.selectById [BaseJdbcLogger.java:145] ==> Parameters: 3(Integer)
2018-04-14 15:07:36,640 DEBUG [main] c.x.m.m.T.selectById [BaseJdbcLogger.java:145] <==      Total: 1
2018-04-14 15:07:42,712 DEBUG [main] o.a.i.t.j.JdbcTransaction [JdbcTransaction.java:122] Resetting autocommit to true on JDBC Connection [com.mysql.jdbc.JDBC4Connection@127a7a2e]
2018-04-14 15:07:42,713 DEBUG [main] o.a.i.t.j.JdbcTransaction [JdbcTransaction.java:90] Closing JDBC Connection [com.mysql.jdbc.JDBC4Connection@127a7a2e]
2018-04-14 15:07:42,713 DEBUG [main] o.a.i.d.p.PooledDataSource [PooledDataSource.java:344] Returned connection 310016558 to pool.
2018-04-14 15:08:35,701 DEBUG [main] o.a.i.l.LogFactory [LogFactory.java:135] Logging initialized using 'class org.apache.ibatis.logging.slf4j.Slf4jImpl' adapter.
2018-04-14 15:08:41,109 DEBUG [main] o.a.i.d.p.PooledDataSource [PooledDataSource.java:316] PooledDataSource forcefully closed/removed all connections.
2018-04-14 15:08:41,110 DEBUG [main] o.a.i.d.p.PooledDataSource [PooledDataSource.java:316] PooledDataSource forcefully closed/removed all connections.
2018-04-14 15:08:41,111 DEBUG [main] o.a.i.d.p.PooledDataSource [PooledDataSource.java:316] PooledDataSource forcefully closed/removed all connections.
2018-04-14 15:08:41,111 DEBUG [main] o.a.i.d.p.PooledDataSource [PooledDataSource.java:316] PooledDataSource forcefully closed/removed all connections.
2018-04-14 15:08:56,200 DEBUG [main] o.a.i.t.j.JdbcTransaction [JdbcTransaction.java:136] Opening JDBC Connection
2018-04-14 15:09:17,533 DEBUG [main] o.a.i.l.LogFactory [LogFactory.java:135] Logging initialized using 'class org.apache.ibatis.logging.slf4j.Slf4jImpl' adapter.
2018-04-14 15:22:47,082 DEBUG [main] o.a.i.l.LogFactory [LogFactory.java:135] Logging initialized using 'class org.apache.ibatis.logging.slf4j.Slf4jImpl' adapter.
2018-04-14 15:22:47,735 DEBUG [main] o.a.i.d.p.PooledDataSource [PooledDataSource.java:316] PooledDataSource forcefully closed/removed all connections.
2018-04-14 15:22:47,736 DEBUG [main] o.a.i.d.p.PooledDataSource [PooledDataSource.java:316] PooledDataSource forcefully closed/removed all connections.
2018-04-14 15:22:47,736 DEBUG [main] o.a.i.d.p.PooledDataSource [PooledDataSource.java:316] PooledDataSource forcefully closed/removed all connections.
2018-04-14 15:22:47,737 DEBUG [main] o.a.i.d.p.PooledDataSource [PooledDataSource.java:316] PooledDataSource forcefully closed/removed all connections.
2018-04-14 15:27:29,393 DEBUG [main] o.a.i.t.j.JdbcTransaction [JdbcTransaction.java:136] Opening JDBC Connection
2018-04-14 15:27:29,451 DEBUG [main] o.a.i.d.p.PooledDataSource [PooledDataSource.java:316] PooledDataSource forcefully closed/removed all connections.
2018-04-14 15:27:29,451 DEBUG [main] o.a.i.d.p.PooledDataSource [PooledDataSource.java:316] PooledDataSource forcefully closed/removed all connections.
2018-04-14 15:27:29,451 DEBUG [main] o.a.i.d.p.PooledDataSource [PooledDataSource.java:316] PooledDataSource forcefully closed/removed all connections.
2018-04-14 15:27:29,451 DEBUG [main] o.a.i.d.p.PooledDataSource [PooledDataSource.java:316] PooledDataSource forcefully closed/removed all connections.
2018-04-14 15:27:29,613 DEBUG [main] o.a.i.t.j.JdbcTransaction [JdbcTransaction.java:136] Opening JDBC Connection
2018-04-14 15:27:29,746 DEBUG [main] o.a.i.d.p.PooledDataSource [PooledDataSource.java:387] Created connection 294111720.
2018-04-14 15:27:29,746 DEBUG [main] o.a.i.t.j.JdbcTransaction [JdbcTransaction.java:100] Setting autocommit to false on JDBC Connection [com.mysql.jdbc.JDBC4Connection@1187c9e8]
2018-04-14 15:27:29,749 DEBUG [main] c.x.m.m.T.selectById [BaseJdbcLogger.java:145] ==>  Preparing: SELECT * FROM test WHERE id = ? 
2018-04-14 15:27:29,777 DEBUG [main] c.x.m.m.T.selectById [BaseJdbcLogger.java:145] ==> Parameters: 3(Integer)
2018-04-14 15:27:29,791 DEBUG [main] c.x.m.m.T.selectById [BaseJdbcLogger.java:145] <==      Total: 1
2018-04-14 15:27:29,792 DEBUG [main] o.a.i.t.j.JdbcTransaction [JdbcTransaction.java:122] Resetting autocommit to true on JDBC Connection [com.mysql.jdbc.JDBC4Connection@1187c9e8]
2018-04-14 15:27:29,793 DEBUG [main] o.a.i.t.j.JdbcTransaction [JdbcTransaction.java:90] Closing JDBC Connection [com.mysql.jdbc.JDBC4Connection@1187c9e8]
2018-04-14 15:27:29,793 DEBUG [main] o.a.i.d.p.PooledDataSource [PooledDataSource.java:344] Returned connection 294111720 to pool.
2018-04-14 15:58:37,322 DEBUG [main] o.a.i.l.LogFactory [LogFactory.java:135] Logging initialized using 'class org.apache.ibatis.logging.slf4j.Slf4jImpl' adapter.
2018-04-14 15:58:37,466 DEBUG [main] o.a.i.d.p.PooledDataSource [PooledDataSource.java:316] PooledDataSource forcefully closed/removed all connections.
2018-04-14 15:58:37,466 DEBUG [main] o.a.i.d.p.PooledDataSource [PooledDataSource.java:316] PooledDataSource forcefully closed/removed all connections.
2018-04-14 15:58:37,466 DEBUG [main] o.a.i.d.p.PooledDataSource [PooledDataSource.java:316] PooledDataSource forcefully closed/removed all connections.
2018-04-14 15:58:37,466 DEBUG [main] o.a.i.d.p.PooledDataSource [PooledDataSource.java:316] PooledDataSource forcefully closed/removed all connections.
2018-04-14 15:58:58,967 DEBUG [main] o.a.i.l.LogFactory [LogFactory.java:135] Logging initialized using 'class org.apache.ibatis.logging.slf4j.Slf4jImpl' adapter.
2018-04-14 15:58:59,097 DEBUG [main] o.a.i.d.p.PooledDataSource [PooledDataSource.java:316] PooledDataSource forcefully closed/removed all connections.
2018-04-14 15:58:59,098 DEBUG [main] o.a.i.d.p.PooledDataSource [PooledDataSource.java:316] PooledDataSource forcefully closed/removed all connections.
2018-04-14 15:58:59,098 DEBUG [main] o.a.i.d.p.PooledDataSource [PooledDataSource.java:316] PooledDataSource forcefully closed/removed all connections.
2018-04-14 15:58:59,098 DEBUG [main] o.a.i.d.p.PooledDataSource [PooledDataSource.java:316] PooledDataSource forcefully closed/removed all connections.
2018-04-14 16:25:08,448 DEBUG [main] o.a.i.l.LogFactory [LogFactory.java:135] Logging initialized using 'class org.apache.ibatis.logging.slf4j.Slf4jImpl' adapter.
2018-04-14 16:25:08,543 DEBUG [main] o.a.i.d.p.PooledDataSource [PooledDataSource.java:316] PooledDataSource forcefully closed/removed all connections.
2018-04-14 16:25:08,543 DEBUG [main] o.a.i.d.p.PooledDataSource [PooledDataSource.java:316] PooledDataSource forcefully closed/removed all connections.
2018-04-14 16:25:08,543 DEBUG [main] o.a.i.d.p.PooledDataSource [PooledDataSource.java:316] PooledDataSource forcefully closed/removed all connections.
2018-04-14 16:25:08,544 DEBUG [main] o.a.i.d.p.PooledDataSource [PooledDataSource.java:316] PooledDataSource forcefully closed/removed all connections.
2018-04-14 16:25:55,726 DEBUG [main] o.a.i.l.LogFactory [LogFactory.java:135] Logging initialized using 'class org.apache.ibatis.logging.slf4j.Slf4jImpl' adapter.
2018-04-14 16:25:56,365 DEBUG [main] o.a.i.d.p.PooledDataSource [PooledDataSource.java:316] PooledDataSource forcefully closed/removed all connections.
2018-04-14 16:25:56,366 DEBUG [main] o.a.i.d.p.PooledDataSource [PooledDataSource.java:316] PooledDataSource forcefully closed/removed all connections.
2018-04-14 16:25:56,366 DEBUG [main] o.a.i.d.p.PooledDataSource [PooledDataSource.java:316] PooledDataSource forcefully closed/removed all connections.
2018-04-14 16:25:56,367 DEBUG [main] o.a.i.d.p.PooledDataSource [PooledDataSource.java:316] PooledDataSource forcefully closed/removed all connections.
2018-04-14 16:28:33,320 DEBUG [main] o.a.i.l.LogFactory [LogFactory.java:135] Logging initialized using 'class org.apache.ibatis.logging.slf4j.Slf4jImpl' adapter.
2018-04-14 16:28:33,976 DEBUG [main] o.a.i.d.p.PooledDataSource [PooledDataSource.java:316] PooledDataSource forcefully closed/removed all connections.
2018-04-14 16:28:33,977 DEBUG [main] o.a.i.d.p.PooledDataSource [PooledDataSource.java:316] PooledDataSource forcefully closed/removed all connections.
2018-04-14 16:28:33,978 DEBUG [main] o.a.i.d.p.PooledDataSource [PooledDataSource.java:316] PooledDataSource forcefully closed/removed all connections.
2018-04-14 16:28:33,978 DEBUG [main] o.a.i.d.p.PooledDataSource [PooledDataSource.java:316] PooledDataSource forcefully closed/removed all connections.
2018-04-14 16:31:25,715 DEBUG [main] o.a.i.t.j.JdbcTransaction [JdbcTransaction.java:136] Opening JDBC Connection
2018-04-14 16:31:26,698 DEBUG [main] o.a.i.d.p.PooledDataSource [PooledDataSource.java:387] Created connection 1414549197.
2018-04-14 16:31:26,699 DEBUG [main] o.a.i.t.j.JdbcTransaction [JdbcTransaction.java:100] Setting autocommit to false on JDBC Connection [com.mysql.jdbc.JDBC4Connection@54504ecd]
2018-04-14 16:31:26,710 DEBUG [main] c.x.m.m.T.select [BaseJdbcLogger.java:145] ==>  Preparing: SELECT id,name FROM test WHERE id = ? AND name = ? 
2018-04-14 16:31:26,943 DEBUG [main] c.x.m.m.T.select [BaseJdbcLogger.java:145] ==> Parameters: 0(Integer), bb(String)
2018-04-14 16:31:27,093 DEBUG [main] c.x.m.m.T.select [BaseJdbcLogger.java:145] <==      Total: 0
2018-04-14 16:32:16,713 DEBUG [main] o.a.i.t.j.JdbcTransaction [JdbcTransaction.java:122] Resetting autocommit to true on JDBC Connection [com.mysql.jdbc.JDBC4Connection@54504ecd]
2018-04-14 16:32:16,715 DEBUG [main] o.a.i.t.j.JdbcTransaction [JdbcTransaction.java:90] Closing JDBC Connection [com.mysql.jdbc.JDBC4Connection@54504ecd]
2018-04-14 16:32:16,715 DEBUG [main] o.a.i.d.p.PooledDataSource [PooledDataSource.java:344] Returned connection 1414549197 to pool.
2018-04-14 16:32:47,791 DEBUG [main] o.a.i.l.LogFactory [LogFactory.java:135] Logging initialized using 'class org.apache.ibatis.logging.slf4j.Slf4jImpl' adapter.
2018-04-14 16:32:47,883 DEBUG [main] o.a.i.d.p.PooledDataSource [PooledDataSource.java:316] PooledDataSource forcefully closed/removed all connections.
2018-04-14 16:32:47,884 DEBUG [main] o.a.i.d.p.PooledDataSource [PooledDataSource.java:316] PooledDataSource forcefully closed/removed all connections.
2018-04-14 16:32:47,884 DEBUG [main] o.a.i.d.p.PooledDataSource [PooledDataSource.java:316] PooledDataSource forcefully closed/removed all connections.
2018-04-14 16:32:47,884 DEBUG [main] o.a.i.d.p.PooledDataSource [PooledDataSource.java:316] PooledDataSource forcefully closed/removed all connections.
2018-04-14 16:32:54,162 DEBUG [main] o.a.i.t.j.JdbcTransaction [JdbcTransaction.java:136] Opening JDBC Connection
2018-04-14 16:32:54,383 DEBUG [main] o.a.i.d.p.PooledDataSource [PooledDataSource.java:387] Created connection 1046545660.
2018-04-14 16:32:54,384 DEBUG [main] o.a.i.t.j.JdbcTransaction [JdbcTransaction.java:100] Setting autocommit to false on JDBC Connection [com.mysql.jdbc.JDBC4Connection@3e6104fc]
2018-04-14 16:32:54,387 DEBUG [main] c.x.m.m.T.select [BaseJdbcLogger.java:145] ==>  Preparing: SELECT id,name FROM test WHERE name = ? 
2018-04-14 16:32:54,409 DEBUG [main] c.x.m.m.T.select [BaseJdbcLogger.java:145] ==> Parameters: bb(String)
2018-04-14 16:32:54,421 DEBUG [main] c.x.m.m.T.select [BaseJdbcLogger.java:145] <==      Total: 3
2018-04-14 16:32:54,422 DEBUG [main] o.a.i.t.j.JdbcTransaction [JdbcTransaction.java:122] Resetting autocommit to true on JDBC Connection [com.mysql.jdbc.JDBC4Connection@3e6104fc]
2018-04-14 16:32:54,423 DEBUG [main] o.a.i.t.j.JdbcTransaction [JdbcTransaction.java:90] Closing JDBC Connection [com.mysql.jdbc.JDBC4Connection@3e6104fc]
2018-04-14 16:32:54,423 DEBUG [main] o.a.i.d.p.PooledDataSource [PooledDataSource.java:344] Returned connection 1046545660 to pool.
2018-04-14 16:47:53,628 DEBUG [main] o.a.i.l.LogFactory [LogFactory.java:135] Logging initialized using 'class org.apache.ibatis.logging.slf4j.Slf4jImpl' adapter.
2018-04-14 16:47:54,266 DEBUG [main] o.a.i.d.p.PooledDataSource [PooledDataSource.java:316] PooledDataSource forcefully closed/removed all connections.
2018-04-14 16:47:54,267 DEBUG [main] o.a.i.d.p.PooledDataSource [PooledDataSource.java:316] PooledDataSource forcefully closed/removed all connections.
2018-04-14 16:47:54,268 DEBUG [main] o.a.i.d.p.PooledDataSource [PooledDataSource.java:316] PooledDataSource forcefully closed/removed all connections.
2018-04-14 16:47:54,268 DEBUG [main] o.a.i.d.p.PooledDataSource [PooledDataSource.java:316] PooledDataSource forcefully closed/removed all connections.
2018-04-14 16:54:42,679 DEBUG [main] o.a.i.t.j.JdbcTransaction [JdbcTransaction.java:136] Opening JDBC Connection
2018-04-14 16:54:43,647 DEBUG [main] o.a.i.d.p.PooledDataSource [PooledDataSource.java:387] Created connection 1414549197.
2018-04-14 16:54:43,648 DEBUG [main] o.a.i.t.j.JdbcTransaction [JdbcTransaction.java:100] Setting autocommit to false on JDBC Connection [com.mysql.jdbc.JDBC4Connection@54504ecd]
2018-04-14 16:54:43,659 DEBUG [main] c.x.m.m.T.select [BaseJdbcLogger.java:145] ==>  Preparing: SELECT id,name FROM test WHERE name = ? 
2018-04-14 16:54:43,890 DEBUG [main] c.x.m.m.T.select [BaseJdbcLogger.java:145] ==> Parameters: bb(String)
2018-04-14 16:54:44,043 DEBUG [main] c.x.m.m.T.select [BaseJdbcLogger.java:145] <==      Total: 3
2018-04-14 17:00:20,614 DEBUG [main] o.a.i.t.j.JdbcTransaction [JdbcTransaction.java:122] Resetting autocommit to true on JDBC Connection [com.mysql.jdbc.JDBC4Connection@54504ecd]
2018-04-14 17:00:20,619 DEBUG [main] o.a.i.t.j.JdbcTransaction [JdbcTransaction.java:90] Closing JDBC Connection [com.mysql.jdbc.JDBC4Connection@54504ecd]
2018-04-14 17:00:20,621 DEBUG [main] o.a.i.d.p.PooledDataSource [PooledDataSource.java:344] Returned connection 1414549197 to pool.
2018-04-14 17:00:23,503 DEBUG [main] o.a.i.l.LogFactory [LogFactory.java:135] Logging initialized using 'class org.apache.ibatis.logging.slf4j.Slf4jImpl' adapter.
2018-04-14 17:00:23,623 DEBUG [main] o.a.i.d.p.PooledDataSource [PooledDataSource.java:316] PooledDataSource forcefully closed/removed all connections.
2018-04-14 17:00:23,623 DEBUG [main] o.a.i.d.p.PooledDataSource [PooledDataSource.java:316] PooledDataSource forcefully closed/removed all connections.
2018-04-14 17:00:23,623 DEBUG [main] o.a.i.d.p.PooledDataSource [PooledDataSource.java:316] PooledDataSource forcefully closed/removed all connections.
2018-04-14 17:00:23,623 DEBUG [main] o.a.i.d.p.PooledDataSource [PooledDataSource.java:316] PooledDataSource forcefully closed/removed all connections.
2018-04-14 17:00:23,940 DEBUG [main] o.a.i.t.j.JdbcTransaction [JdbcTransaction.java:136] Opening JDBC Connection
2018-04-14 17:00:24,228 DEBUG [main] o.a.i.d.p.PooledDataSource [PooledDataSource.java:387] Created connection 283383329.
2018-04-14 17:00:24,229 DEBUG [main] o.a.i.t.j.JdbcTransaction [JdbcTransaction.java:100] Setting autocommit to false on JDBC Connection [com.mysql.jdbc.JDBC4Connection@10e41621]
2018-04-14 17:00:24,232 DEBUG [main] c.x.m.m.T.select [BaseJdbcLogger.java:145] ==>  Preparing: SELECT id,name FROM test WHERE name = ? 
2018-04-14 17:00:24,289 DEBUG [main] c.x.m.m.T.select [BaseJdbcLogger.java:145] ==> Parameters: bb(String)
2018-04-14 17:00:24,304 DEBUG [main] c.x.m.m.T.select [BaseJdbcLogger.java:145] <==      Total: 3
2018-04-14 17:00:24,305 DEBUG [main] o.a.i.t.j.JdbcTransaction [JdbcTransaction.java:122] Resetting autocommit to true on JDBC Connection [com.mysql.jdbc.JDBC4Connection@10e41621]
2018-04-14 17:00:24,308 DEBUG [main] o.a.i.t.j.JdbcTransaction [JdbcTransaction.java:90] Closing JDBC Connection [com.mysql.jdbc.JDBC4Connection@10e41621]
2018-04-14 17:00:24,308 DEBUG [main] o.a.i.d.p.PooledDataSource [PooledDataSource.java:344] Returned connection 283383329 to pool.
